22:03:48 - TGETPUTDataThread::TGETPUTDataThread: Load DropboxAPI
22:03:48 - TGETPUTDataThread::CheckInternetConnection: Check internet connection
22:03:48 - TGETPUTDataThread::Execute: First time start thread
22:03:48 - TGETPUTDataThread::AddToQueue: Add action to stack: Check access token
22:03:48 - TGETPUTDataThread::CheckInternetConnection: Check internet connection
22:03:48 - TGETPUTDataThread::Execute: Current task: Check access token
22:03:48 - TGETPUTDataThread::__CheckAuthorize: Check access token.
22:03:48 - TGETPUTDataThread::__CheckAuthorize: No access token in config file
22:03:48 - TGETPUTDataThread::__CheckAuthorize: Call function FOnAuthorize.
22:03:48 - TGETPUTDataThread::Execute: Task Check access token completed
22:03:48 - TGETPUTDataThread::CheckInternetConnection: Check internet connection
22:03:48 - TGETPUTDataThread::Execute: 1 operations in the queue, passed 1
22:03:48 - TGETPUTDataThread::Execute: The thread enters the waiting for new tasks
22:03:52 - frm_OAuthWebForm: Open WebForm. Try get access token
22:04:08 - frm_OAuthWebForm: Access token received
22:04:08 - TGETPUTDataThread::Connect: Call function FOnAuthorize.
22:04:08 - TGETPUTDataThread::AddToQueue: Clear stack
22:04:08 - TGETPUTDataThread::AddToQueue: Add action to stack: Get account info
22:04:08 - TGETPUTDataThread::AddToQueue: Add action to stack: Get metadata
22:04:08 - TGETPUTDataThread::CheckInternetConnection: Check internet connection
22:04:08 - TGETPUTDataThread::Execute: Current task: Get account info
22:04:09 - TGETPUTDataThread::__GetAccountInfo: Request Content given. Call function FOnAInfoReady
22:04:09 - TMainForm::OnAInfoReady: Account info data recieved
22:04:09 - TMainForm::ClosePanel: Close auth panel
22:04:09 - TGETPUTDataThread::Execute: Task Get account info completed
22:04:09 - TGETPUTDataThread::CheckInternetConnection: Check internet connection
22:04:09 - TGETPUTDataThread::Execute: Current task: Get metadata
22:04:09 - TGETPUTDataThread::__GetMetadata: Metadata given. Call function FOnMDataReady
22:04:09 - TMainForm::OnMetadataReady: Loaded '/' path from Dropbox 
22:04:09 - TMainForm::GetIconFile: Folder ico not available. Loaded
22:04:09 - TMainForm::UpdateIcon: Update navigate icon
22:04:09 - TGETPUTDataThread::Execute: Task Get metadata completed
22:04:09 - TGETPUTDataThread::CheckInternetConnection: Check internet connection
22:04:09 - TGETPUTDataThread::Execute: 2 operations in the queue, passed 2
22:04:09 - TGETPUTDataThread::Execute: The thread enters the waiting for new tasks
22:04:12 - TGETPUTDataThread::RemoveDirectoryW: Remove temp folder
22:04:12 - TGETPUTDataThread::Execute: Terminate thread
