22:04:13 - TGETPUTDataThread::TGETPUTDataThread: Load DropboxAPI
22:04:13 - TGETPUTDataThread::CheckInternetConnection: Check internet connection
22:04:13 - TGETPUTDataThread::Execute: First time start thread
22:04:13 - TGETPUTDataThread::AddToQueue: Add action to stack: Check access token
22:04:13 - TGETPUTDataThread::CheckInternetConnection: Check internet connection
22:04:13 - TGETPUTDataThread::Execute: Current task: Check access token
22:04:13 - TGETPUTDataThread::__CheckAuthorize: Check access token.
22:04:14 - TGETPUTDataThread::__CheckAuthorize: Access token Valid.
22:04:14 - TGETPUTDataThread::__CheckAuthorize: Call function FOnAuthorize.
22:04:14 - TGETPUTDataThread::AddToQueue: Add action to stack: Get account info
22:04:14 - TGETPUTDataThread::AddToQueue: Add action to stack: Get metadata
22:04:14 - TGETPUTDataThread::Execute: Task Check access token completed
22:04:14 - TGETPUTDataThread::CheckInternetConnection: Check internet connection
22:04:14 - TGETPUTDataThread::Execute: Current task: Get account info
22:04:15 - TGETPUTDataThread::__GetAccountInfo: Request Content given. Call function FOnAInfoReady
22:04:15 - TMainForm::OnAInfoReady: Account info data recieved
22:04:15 - TMainForm::ClosePanel: Close auth panel
22:04:15 - TGETPUTDataThread::Execute: Task Get account info completed
22:04:15 - TGETPUTDataThread::CheckInternetConnection: Check internet connection
22:04:15 - TGETPUTDataThread::Execute: Current task: Get metadata
22:04:15 - TGETPUTDataThread::__GetMetadata: Metadata given. Call function FOnMDataReady
22:04:15 - TMainForm::OnMetadataReady: Loaded '/' path from Dropbox 
22:04:15 - TMainForm::GetIconFile: Folder ico not available. Loaded
22:04:15 - TMainForm::UpdateIcon: Update navigate icon
22:04:15 - TGETPUTDataThread::Execute: Task Get metadata completed
22:04:15 - TGETPUTDataThread::CheckInternetConnection: Check internet connection
22:04:15 - TGETPUTDataThread::Execute: 3 operations in the queue, passed 3
22:04:15 - TGETPUTDataThread::Execute: The thread enters the waiting for new tasks
22:04:16 - TGETPUTDataThread::RemoveDirectoryW: Remove temp folder
22:04:16 - TGETPUTDataThread::Execute: Terminate thread
