22:02:10 - TGETPUTDataThread::TGETPUTDataThread: Load DropboxAPI
22:02:10 - TGETPUTDataThread::CheckInternetConnection: Check internet connection
22:02:10 - TGETPUTDataThread::Execute: First time start thread
22:02:10 - TGETPUTDataThread::AddToQueue: Add action to stack: Check access token
22:02:10 - TGETPUTDataThread::CheckInternetConnection: Check internet connection
22:02:10 - TGETPUTDataThread::Execute: Current task: Check access token
22:02:10 - TGETPUTDataThread::__CheckAuthorize: Check access token.
22:02:11 - TGETPUTDataThread::__CheckAuthorize: Access token Valid.
22:02:11 - TGETPUTDataThread::__CheckAuthorize: Call function FOnAuthorize.
22:02:11 - TGETPUTDataThread::AddToQueue: Add action to stack: Get account info
22:02:11 - TGETPUTDataThread::AddToQueue: Add action to stack: Get metadata
22:02:11 - TGETPUTDataThread::Execute: Task Check access token completed
22:02:11 - TGETPUTDataThread::CheckInternetConnection: Check internet connection
22:02:11 - TGETPUTDataThread::Execute: Current task: Get account info
22:02:12 - TGETPUTDataThread::__GetAccountInfo: Request Content given. Call function FOnAInfoReady
22:02:12 - TMainForm::OnAInfoReady: Account info data recieved
22:02:12 - TMainForm::ClosePanel: Close auth panel
22:02:12 - TGETPUTDataThread::Execute: Task Get account info completed
22:02:12 - TGETPUTDataThread::CheckInternetConnection: Check internet connection
22:02:12 - TGETPUTDataThread::Execute: Current task: Get metadata
22:02:12 - TGETPUTDataThread::__GetMetadata: Metadata given. Call function FOnMDataReady
22:02:12 - TMainForm::OnMetadataReady: Loaded '/' path from Dropbox 
22:02:12 - TMainForm::GetIconFile: Folder ico not available. Loaded
22:02:12 - TMainForm::UpdateIcon: Update navigate icon
22:02:12 - TGETPUTDataThread::Execute: Task Get metadata completed
22:02:12 - TGETPUTDataThread::CheckInternetConnection: Check internet connection
22:02:12 - TGETPUTDataThread::Execute: 3 operations in the queue, passed 3
22:02:12 - TGETPUTDataThread::Execute: The thread enters the waiting for new tasks
22:02:21 - TGETPUTDataThread::RemoveDirectoryW: Remove temp folder
